<?xml version="1.0" encoding="UTF-8"?>
<testsuite xmlns:xsi="http://www.w3.org/2001/XMLSchema-instance" xsi:noNamespaceSchemaLocation="https://maven.apache.org/surefire/maven-surefire-plugin/xsd/surefire-test-report-3.0.xsd" version="3.0" name="com.websocket.Ewca.EwcaApplicationTests" time="6.715" tests="1" errors="0" skipped="0" failures="0">
  <properties>
    <property name="java.specification.version" value="17"/>
    <property name="sun.jnu.encoding" value="UTF-8"/>
    <property name="java.class.path" value="/Users/omersaglam/Documents/IntelliJ Idea/ewca_test/target/test-classes:/Users/omersaglam/Documents/IntelliJ Idea/ewca_test/target/classes:/Users/omersaglam/.m2/repository/org/springframework/boot/spring-boot-starter-data-mongodb/3.1.6/spring-boot-starter-data-mongodb-3.1.6.jar:/Users/omersaglam/.m2/repository/org/springframework/boot/spring-boot-starter/3.1.6/spring-boot-starter-3.1.6.jar:/Users/omersaglam/.m2/repository/org/springframework/boot/spring-boot/3.1.6/spring-boot-3.1.6.jar:/Users/omersaglam/.m2/repository/org/springframework/boot/spring-boot-autoconfigure/3.1.6/spring-boot-autoconfigure-3.1.6.jar:/Users/omersaglam/.m2/repository/org/springframework/boot/spring-boot-starter-logging/3.1.6/spring-boot-starter-logging-3.1.6.jar:/Users/omersaglam/.m2/repository/ch/qos/logback/logback-classic/1.4.11/logback-classic-1.4.11.jar:/Users/omersaglam/.m2/repository/ch/qos/logback/logback-core/1.4.11/logback-core-1.4.11.jar:/Users/omersaglam/.m2/repository/org/apache/logging/log4j/log4j-to-slf4j/2.20.0/log4j-to-slf4j-2.20.0.jar:/Users/omersaglam/.m2/repository/org/apache/logging/log4j/log4j-api/2.20.0/log4j-api-2.20.0.jar:/Users/omersaglam/.m2/repository/org/slf4j/jul-to-slf4j/2.0.9/jul-to-slf4j-2.0.9.jar:/Users/omersaglam/.m2/repository/jakarta/annotation/jakarta.annotation-api/2.1.1/jakarta.annotation-api-2.1.1.jar:/Users/omersaglam/.m2/repository/org/yaml/snakeyaml/1.33/snakeyaml-1.33.jar:/Users/omersaglam/.m2/repository/org/mongodb/mongodb-driver-sync/4.9.1/mongodb-driver-sync-4.9.1.jar:/Users/omersaglam/.m2/repository/org/mongodb/bson/4.9.1/bson-4.9.1.jar:/Users/omersaglam/.m2/repository/org/mongodb/mongodb-driver-core/4.9.1/mongodb-driver-core-4.9.1.jar:/Users/omersaglam/.m2/repository/org/mongodb/bson-record-codec/4.9.1/bson-record-codec-4.9.1.jar:/Users/omersaglam/.m2/repository/org/springframework/data/spring-data-mongodb/4.1.6/spring-data-mongodb-4.1.6.jar:/Users/omersaglam/.m2/repository/org/springframework/spring-tx/6.0.14/spring-tx-6.0.14.jar:/Users/omersaglam/.m2/repository/org/springframework/spring-context/6.0.14/spring-context-6.0.14.jar:/Users/omersaglam/.m2/repository/org/springframework/spring-beans/6.0.14/spring-beans-6.0.14.jar:/Users/omersaglam/.m2/repository/org/springframework/spring-expression/6.0.14/spring-expression-6.0.14.jar:/Users/omersaglam/.m2/repository/org/springframework/data/spring-data-commons/3.1.6/spring-data-commons-3.1.6.jar:/Users/omersaglam/.m2/repository/org/slf4j/slf4j-api/2.0.9/slf4j-api-2.0.9.jar:/Users/omersaglam/.m2/repository/org/springframework/boot/spring-boot-starter-web/3.1.6/spring-boot-starter-web-3.1.6.jar:/Users/omersaglam/.m2/repository/org/springframework/boot/spring-boot-starter-json/3.1.6/spring-boot-starter-json-3.1.6.jar:/Users/omersaglam/.m2/repository/com/fasterxml/jackson/core/jackson-databind/2.15.3/jackson-databind-2.15.3.jar:/Users/omersaglam/.m2/repository/com/fasterxml/jackson/core/jackson-annotations/2.15.3/jackson-annotations-2.15.3.jar:/Users/omersaglam/.m2/repository/com/fasterxml/jackson/core/jackson-core/2.15.3/jackson-core-2.15.3.jar:/Users/omersaglam/.m2/repository/com/fasterxml/jackson/datatype/jackson-datatype-jdk8/2.15.3/jackson-datatype-jdk8-2.15.3.jar:/Users/omersaglam/.m2/repository/com/fasterxml/jackson/datatype/jackson-datatype-jsr310/2.15.3/jackson-datatype-jsr310-2.15.3.jar:/Users/omersaglam/.m2/repository/com/fasterxml/jackson/module/jackson-module-parameter-names/2.15.3/jackson-module-parameter-names-2.15.3.jar:/Users/omersaglam/.m2/repository/org/springframework/boot/spring-boot-starter-tomcat/3.1.6/spring-boot-starter-tomcat-3.1.6.jar:/Users/omersaglam/.m2/repository/org/apache/tomcat/embed/tomcat-embed-core/10.1.16/tomcat-embed-core-10.1.16.jar:/Users/omersaglam/.m2/repository/org/apache/tomcat/embed/tomcat-embed-el/10.1.16/tomcat-embed-el-10.1.16.jar:/Users/omersaglam/.m2/repository/org/apache/tomcat/embed/tomcat-embed-websocket/10.1.16/tomcat-embed-websocket-10.1.16.jar:/Users/omersaglam/.m2/repository/org/springframework/spring-web/6.0.14/spring-web-6.0.14.jar:/Users/omersaglam/.m2/repository/io/micrometer/micrometer-observation/1.11.6/micrometer-observation-1.11.6.jar:/Users/omersaglam/.m2/repository/io/micrometer/micrometer-commons/1.11.6/micrometer-commons-1.11.6.jar:/Users/omersaglam/.m2/repository/org/springframework/spring-webmvc/6.0.14/spring-webmvc-6.0.14.jar:/Users/omersaglam/.m2/repository/org/springframework/spring-aop/6.0.14/spring-aop-6.0.14.jar:/Users/omersaglam/.m2/repository/org/springframework/boot/spring-boot-starter-websocket/3.1.6/spring-boot-starter-websocket-3.1.6.jar:/Users/omersaglam/.m2/repository/org/springframework/spring-messaging/6.0.14/spring-messaging-6.0.14.jar:/Users/omersaglam/.m2/repository/org/springframework/spring-websocket/6.0.14/spring-websocket-6.0.14.jar:/Users/omersaglam/.m2/repository/org/projectlombok/lombok/1.18.30/lombok-1.18.30.jar:/Users/omersaglam/.m2/repository/org/springframework/boot/spring-boot-starter-test/3.1.6/spring-boot-starter-test-3.1.6.jar:/Users/omersaglam/.m2/repository/org/springframework/boot/spring-boot-test/3.1.6/spring-boot-test-3.1.6.jar:/Users/omersaglam/.m2/repository/org/springframework/boot/spring-boot-test-autoconfigure/3.1.6/spring-boot-test-autoconfigure-3.1.6.jar:/Users/omersaglam/.m2/repository/com/jayway/jsonpath/json-path/2.8.0/json-path-2.8.0.jar:/Users/omersaglam/.m2/repository/jakarta/xml/bind/jakarta.xml.bind-api/4.0.1/jakarta.xml.bind-api-4.0.1.jar:/Users/omersaglam/.m2/repository/jakarta/activation/jakarta.activation-api/2.1.2/jakarta.activation-api-2.1.2.jar:/Users/omersaglam/.m2/repository/net/minidev/json-smart/2.4.11/json-smart-2.4.11.jar:/Users/omersaglam/.m2/repository/net/minidev/accessors-smart/2.4.11/accessors-smart-2.4.11.jar:/Users/omersaglam/.m2/repository/org/ow2/asm/asm/9.3/asm-9.3.jar:/Users/omersaglam/.m2/repository/org/assertj/assertj-core/3.24.2/assertj-core-3.24.2.jar:/Users/omersaglam/.m2/repository/net/bytebuddy/byte-buddy/1.14.10/byte-buddy-1.14.10.jar:/Users/omersaglam/.m2/repository/org/hamcrest/hamcrest/2.2/hamcrest-2.2.jar:/Users/omersaglam/.m2/repository/org/junit/jupiter/junit-jupiter/5.9.3/junit-jupiter-5.9.3.jar:/Users/omersaglam/.m2/repository/org/junit/jupiter/junit-jupiter-api/5.9.3/junit-jupiter-api-5.9.3.jar:/Users/omersaglam/.m2/repository/org/opentest4j/opentest4j/1.2.0/opentest4j-1.2.0.jar:/Users/omersaglam/.m2/repository/org/junit/platform/junit-platform-commons/1.9.3/junit-platform-commons-1.9.3.jar:/Users/omersaglam/.m2/repository/org/apiguardian/apiguardian-api/1.1.2/apiguardian-api-1.1.2.jar:/Users/omersaglam/.m2/repository/org/junit/jupiter/junit-jupiter-params/5.9.3/junit-jupiter-params-5.9.3.jar:/Users/omersaglam/.m2/repository/org/junit/jupiter/junit-jupiter-engine/5.9.3/junit-jupiter-engine-5.9.3.jar:/Users/omersaglam/.m2/repository/org/junit/platform/junit-platform-engine/1.9.3/junit-platform-engine-1.9.3.jar:/Users/omersaglam/.m2/repository/org/mockito/mockito-core/5.3.1/mockito-core-5.3.1.jar:/Users/omersaglam/.m2/repository/net/bytebuddy/byte-buddy-agent/1.14.10/byte-buddy-agent-1.14.10.jar:/Users/omersaglam/.m2/repository/org/objenesis/objenesis/3.3/objenesis-3.3.jar:/Users/omersaglam/.m2/repository/org/mockito/mockito-junit-jupiter/5.3.1/mockito-junit-jupiter-5.3.1.jar:/Users/omersaglam/.m2/repository/org/skyscreamer/jsonassert/1.5.1/jsonassert-1.5.1.jar:/Users/omersaglam/.m2/repository/com/vaadin/external/google/android-json/0.0.20131108.vaadin1/android-json-0.0.20131108.vaadin1.jar:/Users/omersaglam/.m2/repository/org/springframework/spring-core/6.0.14/spring-core-6.0.14.jar:/Users/omersaglam/.m2/repository/org/springframework/spring-jcl/6.0.14/spring-jcl-6.0.14.jar:/Users/omersaglam/.m2/repository/org/springframework/spring-test/6.0.14/spring-test-6.0.14.jar:/Users/omersaglam/.m2/repository/org/xmlunit/xmlunit-core/2.9.1/xmlunit-core-2.9.1.jar:"/>
    <property name="java.vm.vendor" value="Amazon.com Inc."/>
    <property name="sun.arch.data.model" value="64"/>
    <property name="java.vendor.url" value="https://aws.amazon.com/corretto/"/>
    <property name="user.timezone" value="Europe/Istanbul"/>
    <property name="os.name" value="Mac OS X"/>
    <property name="java.vm.specification.version" value="17"/>
    <property name="sun.java.launcher" value="SUN_STANDARD"/>
    <property name="user.country" value="TR"/>
    <property name="sun.boot.library.path" value="/Users/omersaglam/Library/Java/JavaVirtualMachines/corretto-17.0.7/Contents/Home/lib"/>
    <property name="sun.java.command" value="/Users/omersaglam/Documents/IntelliJ Idea/ewca_test/target/surefire/surefirebooter-20231203172804416_3.jar /Users/omersaglam/Documents/IntelliJ Idea/ewca_test/target/surefire 2023-12-03T17-28-04_269-jvmRun1 surefire-20231203172804416_1tmp surefire_0-20231203172804416_2tmp"/>
    <property name="http.nonProxyHosts" value="local|*.local|169.254/16|*.169.254/16"/>
    <property name="jdk.debug" value="release"/>
    <property name="surefire.test.class.path" value="/Users/omersaglam/Documents/IntelliJ Idea/ewca_test/target/test-classes:/Users/omersaglam/Documents/IntelliJ Idea/ewca_test/target/classes:/Users/omersaglam/.m2/repository/org/springframework/boot/spring-boot-starter-data-mongodb/3.1.6/spring-boot-starter-data-mongodb-3.1.6.jar:/Users/omersaglam/.m2/repository/org/springframework/boot/spring-boot-starter/3.1.6/spring-boot-starter-3.1.6.jar:/Users/omersaglam/.m2/repository/org/springframework/boot/spring-boot/3.1.6/spring-boot-3.1.6.jar:/Users/omersaglam/.m2/repository/org/springframework/boot/spring-boot-autoconfigure/3.1.6/spring-boot-autoconfigure-3.1.6.jar:/Users/omersaglam/.m2/repository/org/springframework/boot/spring-boot-starter-logging/3.1.6/spring-boot-starter-logging-3.1.6.jar:/Users/omersaglam/.m2/repository/ch/qos/logback/logback-classic/1.4.11/logback-classic-1.4.11.jar:/Users/omersaglam/.m2/repository/ch/qos/logback/logback-core/1.4.11/logback-core-1.4.11.jar:/Users/omersaglam/.m2/repository/org/apache/logging/log4j/log4j-to-slf4j/2.20.0/log4j-to-slf4j-2.20.0.jar:/Users/omersaglam/.m2/repository/org/apache/logging/log4j/log4j-api/2.20.0/log4j-api-2.20.0.jar:/Users/omersaglam/.m2/repository/org/slf4j/jul-to-slf4j/2.0.9/jul-to-slf4j-2.0.9.jar:/Users/omersaglam/.m2/repository/jakarta/annotation/jakarta.annotation-api/2.1.1/jakarta.annotation-api-2.1.1.jar:/Users/omersaglam/.m2/repository/org/yaml/snakeyaml/1.33/snakeyaml-1.33.jar:/Users/omersaglam/.m2/repository/org/mongodb/mongodb-driver-sync/4.9.1/mongodb-driver-sync-4.9.1.jar:/Users/omersaglam/.m2/repository/org/mongodb/bson/4.9.1/bson-4.9.1.jar:/Users/omersaglam/.m2/repository/org/mongodb/mongodb-driver-core/4.9.1/mongodb-driver-core-4.9.1.jar:/Users/omersaglam/.m2/repository/org/mongodb/bson-record-codec/4.9.1/bson-record-codec-4.9.1.jar:/Users/omersaglam/.m2/repository/org/springframework/data/spring-data-mongodb/4.1.6/spring-data-mongodb-4.1.6.jar:/Users/omersaglam/.m2/repository/org/springframework/spring-tx/6.0.14/spring-tx-6.0.14.jar:/Users/omersaglam/.m2/repository/org/springframework/spring-context/6.0.14/spring-context-6.0.14.jar:/Users/omersaglam/.m2/repository/org/springframework/spring-beans/6.0.14/spring-beans-6.0.14.jar:/Users/omersaglam/.m2/repository/org/springframework/spring-expression/6.0.14/spring-expression-6.0.14.jar:/Users/omersaglam/.m2/repository/org/springframework/data/spring-data-commons/3.1.6/spring-data-commons-3.1.6.jar:/Users/omersaglam/.m2/repository/org/slf4j/slf4j-api/2.0.9/slf4j-api-2.0.9.jar:/Users/omersaglam/.m2/repository/org/springframework/boot/spring-boot-starter-web/3.1.6/spring-boot-starter-web-3.1.6.jar:/Users/omersaglam/.m2/repository/org/springframework/boot/spring-boot-starter-json/3.1.6/spring-boot-starter-json-3.1.6.jar:/Users/omersaglam/.m2/repository/com/fasterxml/jackson/core/jackson-databind/2.15.3/jackson-databind-2.15.3.jar:/Users/omersaglam/.m2/repository/com/fasterxml/jackson/core/jackson-annotations/2.15.3/jackson-annotations-2.15.3.jar:/Users/omersaglam/.m2/repository/com/fasterxml/jackson/core/jackson-core/2.15.3/jackson-core-2.15.3.jar:/Users/omersaglam/.m2/repository/com/fasterxml/jackson/datatype/jackson-datatype-jdk8/2.15.3/jackson-datatype-jdk8-2.15.3.jar:/Users/omersaglam/.m2/repository/com/fasterxml/jackson/datatype/jackson-datatype-jsr310/2.15.3/jackson-datatype-jsr310-2.15.3.jar:/Users/omersaglam/.m2/repository/com/fasterxml/jackson/module/jackson-module-parameter-names/2.15.3/jackson-module-parameter-names-2.15.3.jar:/Users/omersaglam/.m2/repository/org/springframework/boot/spring-boot-starter-tomcat/3.1.6/spring-boot-starter-tomcat-3.1.6.jar:/Users/omersaglam/.m2/repository/org/apache/tomcat/embed/tomcat-embed-core/10.1.16/tomcat-embed-core-10.1.16.jar:/Users/omersaglam/.m2/repository/org/apache/tomcat/embed/tomcat-embed-el/10.1.16/tomcat-embed-el-10.1.16.jar:/Users/omersaglam/.m2/repository/org/apache/tomcat/embed/tomcat-embed-websocket/10.1.16/tomcat-embed-websocket-10.1.16.jar:/Users/omersaglam/.m2/repository/org/springframework/spring-web/6.0.14/spring-web-6.0.14.jar:/Users/omersaglam/.m2/repository/io/micrometer/micrometer-observation/1.11.6/micrometer-observation-1.11.6.jar:/Users/omersaglam/.m2/repository/io/micrometer/micrometer-commons/1.11.6/micrometer-commons-1.11.6.jar:/Users/omersaglam/.m2/repository/org/springframework/spring-webmvc/6.0.14/spring-webmvc-6.0.14.jar:/Users/omersaglam/.m2/repository/org/springframework/spring-aop/6.0.14/spring-aop-6.0.14.jar:/Users/omersaglam/.m2/repository/org/springframework/boot/spring-boot-starter-websocket/3.1.6/spring-boot-starter-websocket-3.1.6.jar:/Users/omersaglam/.m2/repository/org/springframework/spring-messaging/6.0.14/spring-messaging-6.0.14.jar:/Users/omersaglam/.m2/repository/org/springframework/spring-websocket/6.0.14/spring-websocket-6.0.14.jar:/Users/omersaglam/.m2/repository/org/projectlombok/lombok/1.18.30/lombok-1.18.30.jar:/Users/omersaglam/.m2/repository/org/springframework/boot/spring-boot-starter-test/3.1.6/spring-boot-starter-test-3.1.6.jar:/Users/omersaglam/.m2/repository/org/springframework/boot/spring-boot-test/3.1.6/spring-boot-test-3.1.6.jar:/Users/omersaglam/.m2/repository/org/springframework/boot/spring-boot-test-autoconfigure/3.1.6/spring-boot-test-autoconfigure-3.1.6.jar:/Users/omersaglam/.m2/repository/com/jayway/jsonpath/json-path/2.8.0/json-path-2.8.0.jar:/Users/omersaglam/.m2/repository/jakarta/xml/bind/jakarta.xml.bind-api/4.0.1/jakarta.xml.bind-api-4.0.1.jar:/Users/omersaglam/.m2/repository/jakarta/activation/jakarta.activation-api/2.1.2/jakarta.activation-api-2.1.2.jar:/Users/omersaglam/.m2/repository/net/minidev/json-smart/2.4.11/json-smart-2.4.11.jar:/Users/omersaglam/.m2/repository/net/minidev/accessors-smart/2.4.11/accessors-smart-2.4.11.jar:/Users/omersaglam/.m2/repository/org/ow2/asm/asm/9.3/asm-9.3.jar:/Users/omersaglam/.m2/repository/org/assertj/assertj-core/3.24.2/assertj-core-3.24.2.jar:/Users/omersaglam/.m2/repository/net/bytebuddy/byte-buddy/1.14.10/byte-buddy-1.14.10.jar:/Users/omersaglam/.m2/repository/org/hamcrest/hamcrest/2.2/hamcrest-2.2.jar:/Users/omersaglam/.m2/repository/org/junit/jupiter/junit-jupiter/5.9.3/junit-jupiter-5.9.3.jar:/Users/omersaglam/.m2/repository/org/junit/jupiter/junit-jupiter-api/5.9.3/junit-jupiter-api-5.9.3.jar:/Users/omersaglam/.m2/repository/org/opentest4j/opentest4j/1.2.0/opentest4j-1.2.0.jar:/Users/omersaglam/.m2/repository/org/junit/platform/junit-platform-commons/1.9.3/junit-platform-commons-1.9.3.jar:/Users/omersaglam/.m2/repository/org/apiguardian/apiguardian-api/1.1.2/apiguardian-api-1.1.2.jar:/Users/omersaglam/.m2/repository/org/junit/jupiter/junit-jupiter-params/5.9.3/junit-jupiter-params-5.9.3.jar:/Users/omersaglam/.m2/repository/org/junit/jupiter/junit-jupiter-engine/5.9.3/junit-jupiter-engine-5.9.3.jar:/Users/omersaglam/.m2/repository/org/junit/platform/junit-platform-engine/1.9.3/junit-platform-engine-1.9.3.jar:/Users/omersaglam/.m2/repository/org/mockito/mockito-core/5.3.1/mockito-core-5.3.1.jar:/Users/omersaglam/.m2/repository/net/bytebuddy/byte-buddy-agent/1.14.10/byte-buddy-agent-1.14.10.jar:/Users/omersaglam/.m2/repository/org/objenesis/objenesis/3.3/objenesis-3.3.jar:/Users/omersaglam/.m2/repository/org/mockito/mockito-junit-jupiter/5.3.1/mockito-junit-jupiter-5.3.1.jar:/Users/omersaglam/.m2/repository/org/skyscreamer/jsonassert/1.5.1/jsonassert-1.5.1.jar:/Users/omersaglam/.m2/repository/com/vaadin/external/google/android-json/0.0.20131108.vaadin1/android-json-0.0.20131108.vaadin1.jar:/Users/omersaglam/.m2/repository/org/springframework/spring-core/6.0.14/spring-core-6.0.14.jar:/Users/omersaglam/.m2/repository/org/springframework/spring-jcl/6.0.14/spring-jcl-6.0.14.jar:/Users/omersaglam/.m2/repository/org/springframework/spring-test/6.0.14/spring-test-6.0.14.jar:/Users/omersaglam/.m2/repository/org/xmlunit/xmlunit-core/2.9.1/xmlunit-core-2.9.1.jar:"/>
    <property name="sun.cpu.endian" value="little"/>
    <property name="user.home" value="/Users/omersaglam"/>
    <property name="user.language" value="en"/>
    <property name="java.specification.vendor" value="Oracle Corporation"/>
    <property name="java.version.date" value="2023-04-18"/>
    <property name="java.home" value="/Users/omersaglam/Library/Java/JavaVirtualMachines/corretto-17.0.7/Contents/Home"/>
    <property name="file.separator" value="/"/>
    <property name="basedir" value="/Users/omersaglam/Documents/IntelliJ Idea/ewca_test"/>
    <property name="java.vm.compressedOopsMode" value="Zero based"/>
    <property name="line.separator" value="&#10;"/>
    <property name="java.vm.specification.vendor" value="Oracle Corporation"/>
    <property name="java.specification.name" value="Java Platform API Specification"/>
    <property name="FILE_LOG_CHARSET" value="UTF-8"/>
    <property name="java.awt.headless" value="true"/>
    <property name="surefire.real.class.path" value="/Users/omersaglam/Documents/IntelliJ Idea/ewca_test/target/surefire/surefirebooter-20231203172804416_3.jar"/>
    <property name="sun.management.compiler" value="HotSpot 64-Bit Tiered Compilers"/>
    <property name="ftp.nonProxyHosts" value="local|*.local|169.254/16|*.169.254/16"/>
    <property name="java.runtime.version" value="17.0.7+7-LTS"/>
    <property name="user.name" value="omersaglam"/>
    <property name="path.separator" value=":"/>
    <property name="os.version" value="14.2"/>
    <property name="java.runtime.name" value="OpenJDK Runtime Environment"/>
    <property name="file.encoding" value="UTF-8"/>
    <property name="java.vm.name" value="OpenJDK 64-Bit Server VM"/>
    <property name="java.vendor.version" value="Corretto-17.0.7.7.1"/>
    <property name="localRepository" value="/Users/omersaglam/.m2/repository"/>
    <property name="java.vendor.url.bug" value="https://github.com/corretto/corretto-17/issues/"/>
    <property name="java.io.tmpdir" value="/var/folders/9p/yql4rx811mxcf58vtfjynfh00000gn/T/"/>
    <property name="idea.version" value="2022.2.5"/>
    <property name="java.version" value="17.0.7"/>
    <property name="user.dir" value="/Users/omersaglam/Documents/IntelliJ Idea/ewca_test"/>
    <property name="os.arch" value="x86_64"/>
    <property name="java.vm.specification.name" value="Java Virtual Machine Specification"/>
    <property name="PID" value="28189"/>
    <property name="CONSOLE_LOG_CHARSET" value="UTF-8"/>
    <property name="native.encoding" value="UTF-8"/>
    <property name="java.library.path" value="/Users/omersaglam/Library/Java/Extensions:/Library/Java/Extensions:/Network/Library/Java/Extensions:/System/Library/Java/Extensions:/usr/lib/java:."/>
    <property name="java.vm.info" value="mixed mode, sharing"/>
    <property name="java.vendor" value="Amazon.com Inc."/>
    <property name="java.vm.version" value="17.0.7+7-LTS"/>
    <property name="sun.io.unicode.encoding" value="UnicodeBig"/>
    <property name="socksNonProxyHosts" value="local|*.local|169.254/16|*.169.254/16"/>
    <property name="java.class.version" value="61.0"/>
  </properties>
  <testcase name="contextLoads" classname="com.websocket.Ewca.EwcaApplicationTests" time="0.923">
    <system-out><![CDATA[17:28:05.747 [main] INFO org.springframework.test.context.support.AnnotationConfigContextLoaderUtils -- Could not detect default configuration classes for test class [com.websocket.Ewca.EwcaApplicationTests]: EwcaApplicationTests does not declare any static, non-private, non-final, nested classes annotated with @Configuration.
17:28:05.932 [main] INFO org.springframework.boot.test.context.SpringBootTestContextBootstrapper -- Found @SpringBootConfiguration com.websocket.Ewca.EwcaApplication for test class com.websocket.Ewca.EwcaApplicationTests

  .   ____          _            __ _ _
 /\\ / ___'_ __ _ _(_)_ __  __ _ \ \ \ \
( ( )\___ | '_ | '_| | '_ \/ _` | \ \ \ \
 \\/  ___)| |_)| | | | | || (_| |  ) ) ) )
  '  |____| .__|_| |_|_| |_\__, | / / / /
 =========|_|==============|___/=/_/_/_/
 :: Spring Boot ::                (v3.1.6)

2023-12-03T17:28:06.586+03:00  INFO 28189 --- [           main] c.websocket.Ewca.EwcaApplicationTests    : Starting EwcaApplicationTests using Java 17.0.7 with PID 28189 (started by omersaglam in /Users/omersaglam/Documents/IntelliJ Idea/ewca_test)
2023-12-03T17:28:06.594+03:00  INFO 28189 --- [           main] c.websocket.Ewca.EwcaApplicationTests    : No active profile set, falling back to 1 default profile: "default"
2023-12-03T17:28:07.867+03:00  INFO 28189 --- [           main] .s.d.r.c.RepositoryConfigurationDelegate : Bootstrapping Spring Data MongoDB repositories in DEFAULT mode.
2023-12-03T17:28:07.976+03:00  INFO 28189 --- [           main] .s.d.r.c.RepositoryConfigurationDelegate : Finished Spring Data repository scanning in 103 ms. Found 3 MongoDB repository interfaces.
2023-12-03T17:28:09.059+03:00  INFO 28189 --- [           main] org.mongodb.driver.client                : MongoClient with metadata {"driver": {"name": "mongo-java-driver|sync|spring-boot", "version": "4.9.1"}, "os": {"type": "Darwin", "name": "Mac OS X", "architecture": "x86_64", "version": "14.2"}, "platform": "Java/Amazon.com Inc./17.0.7+7-LTS"} created with settings MongoClientSettings{readPreference=primary, writeConcern=WriteConcern{w=null, wTimeout=null ms, journal=null}, retryWrites=true, retryReads=true, readConcern=ReadConcern{level=null}, credential=MongoCredential{mechanism=null, userName='admin', source='admin', password=<hidden>, mechanismProperties=<hidden>}, streamFactoryFactory=null, commandListeners=[], codecRegistry=ProvidersCodecRegistry{codecProviders=[ValueCodecProvider{}, BsonValueCodecProvider{}, DBRefCodecProvider{}, DBObjectCodecProvider{}, DocumentCodecProvider{}, CollectionCodecProvider{}, IterableCodecProvider{}, MapCodecProvider{}, GeoJsonCodecProvider{}, GridFSFileCodecProvider{}, Jsr310CodecProvider{}, JsonObjectCodecProvider{}, BsonCodecProvider{}, EnumCodecProvider{}, com.mongodb.client.model.mql.ExpressionCodecProvider@663f237a, com.mongodb.Jep395RecordCodecProvider@5d7399f9]}, loggerSettings=LoggerSettings{maxDocumentLength=1000}, clusterSettings={hosts=[127.0.0.1:27017], srvHost=chatappdb.jzgmyfi.mongodb.net, srvServiceName=mongodb, mode=MULTIPLE, requiredClusterType=REPLICA_SET, requiredReplicaSetName='atlas-m3niq9-shard-0', serverSelector='null', clusterListeners='[]', serverSelectionTimeout='30000 ms', localThreshold='30000 ms'}, socketSettings=SocketSettings{connectTimeoutMS=10000, readTimeoutMS=0, receiveBufferSize=0, sendBufferSize=0}, heartbeatSocketSettings=SocketSettings{connectTimeoutMS=10000, readTimeoutMS=10000, receiveBufferSize=0, sendBufferSize=0}, connectionPoolSettings=ConnectionPoolSettings{maxSize=100, minSize=0, maxWaitTimeMS=120000, maxConnectionLifeTimeMS=0, maxConnectionIdleTimeMS=0, maintenanceInitialDelayMS=0, maintenanceFrequencyMS=60000, connectionPoolListeners=[], maxConnecting=2}, serverSettings=ServerSettings{heartbeatFrequencyMS=10000, minHeartbeatFrequencyMS=500, serverListeners='[]', serverMonitorListeners='[]'}, sslSettings=SslSettings{enabled=true, invalidHostNameAllowed=false, context=null}, applicationName='null', compressorList=[], uuidRepresentation=JAVA_LEGACY, serverApi=null, autoEncryptionSettings=null, contextProvider=null}
2023-12-03T17:28:09.114+03:00  INFO 28189 --- [yfi.mongodb.net] org.mongodb.driver.cluster               : Adding discovered server ac-k427bx4-shard-00-00.jzgmyfi.mongodb.net:27017 to client view of cluster
2023-12-03T17:28:09.171+03:00  INFO 28189 --- [yfi.mongodb.net] org.mongodb.driver.cluster               : Adding discovered server ac-k427bx4-shard-00-01.jzgmyfi.mongodb.net:27017 to client view of cluster
2023-12-03T17:28:09.173+03:00  INFO 28189 --- [yfi.mongodb.net] org.mongodb.driver.cluster               : Adding discovered server ac-k427bx4-shard-00-02.jzgmyfi.mongodb.net:27017 to client view of cluster
2023-12-03T17:28:10.956+03:00  INFO 28189 --- [ngodb.net:27017] org.mongodb.driver.cluster               : Monitor thread successfully connected to server with description ServerDescription{address=ac-k427bx4-shard-00-02.jzgmyfi.mongodb.net:27017, type=REPLICA_SET_SECONDARY, state=CONNECTED, ok=true, minWireVersion=0, maxWireVersion=17, maxDocumentSize=16777216, logicalSessionTimeoutMinutes=30, roundTripTimeNanos=1039831375, setName='atlas-m3niq9-shard-0', canonicalAddress=ac-k427bx4-shard-00-02.jzgmyfi.mongodb.net:27017, hosts=[ac-k427bx4-shard-00-00.jzgmyfi.mongodb.net:27017, ac-k427bx4-shard-00-01.jzgmyfi.mongodb.net:27017, ac-k427bx4-shard-00-02.jzgmyfi.mongodb.net:27017], passives=[], arbiters=[], primary='ac-k427bx4-shard-00-01.jzgmyfi.mongodb.net:27017', tagSet=TagSet{[Tag{name='availabilityZone', value='mes1-az3'}, Tag{name='nodeType', value='ELECTABLE'}, Tag{name='provider', value='AWS'}, Tag{name='region', value='ME_SOUTH_1'}, Tag{name='workloadType', value='OPERATIONAL'}]}, electionId=null, setVersion=2, topologyVersion=TopologyVersion{processId=65661ddb7dcd0a7ea5aaac75, counter=3}, lastWriteDate=Sun Dec 03 17:28:10 TRT 2023, lastUpdateTimeNanos=15083353206709}
2023-12-03T17:28:10.956+03:00  INFO 28189 --- [ngodb.net:27017] org.mongodb.driver.cluster               : Monitor thread successfully connected to server with description ServerDescription{address=ac-k427bx4-shard-00-00.jzgmyfi.mongodb.net:27017, type=REPLICA_SET_SECONDARY, state=CONNECTED, ok=true, minWireVersion=0, maxWireVersion=17, maxDocumentSize=16777216, logicalSessionTimeoutMinutes=30, roundTripTimeNanos=1040830292, setName='atlas-m3niq9-shard-0', canonicalAddress=ac-k427bx4-shard-00-00.jzgmyfi.mongodb.net:27017, hosts=[ac-k427bx4-shard-00-00.jzgmyfi.mongodb.net:27017, ac-k427bx4-shard-00-01.jzgmyfi.mongodb.net:27017, ac-k427bx4-shard-00-02.jzgmyfi.mongodb.net:27017], passives=[], arbiters=[], primary='ac-k427bx4-shard-00-01.jzgmyfi.mongodb.net:27017', tagSet=TagSet{[Tag{name='availabilityZone', value='mes1-az1'}, Tag{name='nodeType', value='ELECTABLE'}, Tag{name='provider', value='AWS'}, Tag{name='region', value='ME_SOUTH_1'}, Tag{name='workloadType', value='OPERATIONAL'}]}, electionId=null, setVersion=2, topologyVersion=TopologyVersion{processId=65661d382d6e6577166ba0a3, counter=4}, lastWriteDate=Sun Dec 03 17:28:10 TRT 2023, lastUpdateTimeNanos=15083354351792}
2023-12-03T17:28:10.956+03:00  INFO 28189 --- [ngodb.net:27017] org.mongodb.driver.cluster               : Monitor thread successfully connected to server with description ServerDescription{address=ac-k427bx4-shard-00-01.jzgmyfi.mongodb.net:27017, type=REPLICA_SET_PRIMARY, state=CONNECTED, ok=true, minWireVersion=0, maxWireVersion=17, maxDocumentSize=16777216, logicalSessionTimeoutMinutes=30, roundTripTimeNanos=975995917, setName='atlas-m3niq9-shard-0', canonicalAddress=ac-k427bx4-shard-00-01.jzgmyfi.mongodb.net:27017, hosts=[ac-k427bx4-shard-00-00.jzgmyfi.mongodb.net:27017, ac-k427bx4-shard-00-01.jzgmyfi.mongodb.net:27017, ac-k427bx4-shard-00-02.jzgmyfi.mongodb.net:27017], passives=[], arbiters=[], primary='ac-k427bx4-shard-00-01.jzgmyfi.mongodb.net:27017', tagSet=TagSet{[Tag{name='availabilityZone', value='mes1-az2'}, Tag{name='nodeType', value='ELECTABLE'}, Tag{name='provider', value='AWS'}, Tag{name='region', value='ME_SOUTH_1'}, Tag{name='workloadType', value='OPERATIONAL'}]}, electionId=7fffffff000000000000000c, setVersion=2, topologyVersion=TopologyVersion{processId=65661d89911d5479c7563782, counter=6}, lastWriteDate=Sun Dec 03 17:28:10 TRT 2023, lastUpdateTimeNanos=15083353216917}
2023-12-03T17:28:10.970+03:00  INFO 28189 --- [ngodb.net:27017] org.mongodb.driver.cluster               : Discovered replica set primary ac-k427bx4-shard-00-01.jzgmyfi.mongodb.net:27017 with max election id 7fffffff000000000000000c and max set version 2
2023-12-03T17:28:10.982+03:00  INFO 28189 --- [           main] o.s.b.a.w.s.WelcomePageHandlerMapping    : Adding welcome page: class path resource [static/index.html]
2023-12-03T17:28:11.170+03:00  INFO 28189 --- [           main] o.s.m.s.b.SimpleBrokerMessageHandler     : Starting...
2023-12-03T17:28:11.178+03:00  INFO 28189 --- [           main] o.s.m.s.b.SimpleBrokerMessageHandler     : BrokerAvailabilityEvent[available=true, SimpleBrokerMessageHandler [org.springframework.messaging.simp.broker.DefaultSubscriptionRegistry@11826398]]
2023-12-03T17:28:11.179+03:00  INFO 28189 --- [           main] o.s.m.s.b.SimpleBrokerMessageHandler     : Started.
2023-12-03T17:28:11.194+03:00  INFO 28189 --- [           main] c.websocket.Ewca.EwcaApplicationTests    : Started EwcaApplicationTests in 5.104 seconds (process running for 6.655)
]]></system-out>
  </testcase>
</testsuite>